2025-05-02 13:59:32 INFO  r.i.attestations.attestation03.App - Starting App using Java 23.0.2 with PID 10560 (C:\JavaLearn\CryptoProject\crypto-strategy-analyzer\target\classes started by khade in C:\JavaLearn\CryptoProject\crypto-strategy-analyzer)
2025-05-02 13:59:32 DEBUG r.i.attestations.attestation03.App - Running with Spring Boot v3.4.5, Spring v6.2.6
2025-05-02 13:59:32 INFO  r.i.attestations.attestation03.App - No active profile set, falling back to 1 default profile: "default"
2025-05-02 13:59:32 INFO  o.s.d.r.c.RepositoryConfigurationDelegate - Bootstrapping Spring Data JPA repositories in DEFAULT mode.
2025-05-02 13:59:32 INFO  o.s.d.r.c.RepositoryConfigurationDelegate - Finished Spring Data repository scanning in 8 ms. Found 1 JPA repository interface.
2025-05-02 13:59:32 INFO  o.s.b.w.e.tomcat.TomcatWebServer - Tomcat initialized with port 8080 (http)
2025-05-02 13:59:32 INFO  o.a.catalina.core.StandardService - Starting service [Tomcat]
2025-05-02 13:59:32 INFO  o.a.catalina.core.StandardEngine - Starting Servlet engine: [Apache Tomcat/10.1.40]
2025-05-02 13:59:32 INFO  o.a.c.c.C.[Tomcat-1].[localhost].[/] - Initializing Spring embedded WebApplicationContext
2025-05-02 13:59:32 INFO  o.s.b.w.s.c.ServletWebServerApplicationContext - Root WebApplicationContext: initialization completed in 273 ms
2025-05-02 13:59:32 INFO  o.h.jpa.internal.util.LogHelper - HHH000204: Processing PersistenceUnitInfo [name: default]
2025-05-02 13:59:32 INFO  o.h.c.i.RegionFactoryInitiator - HHH000026: Second-level cache disabled
2025-05-02 13:59:33 INFO  o.s.o.j.p.SpringPersistenceUnitInfo - No LoadTimeWeaver setup: ignoring JPA class transformer
2025-05-02 13:59:33 INFO  com.zaxxer.hikari.HikariDataSource - HikariPool-5 - Starting...
2025-05-02 13:59:33 INFO  com.zaxxer.hikari.pool.HikariPool - HikariPool-5 - Added connection org.postgresql.jdbc.PgConnection@6a6e0495
2025-05-02 13:59:33 INFO  com.zaxxer.hikari.HikariDataSource - HikariPool-5 - Start completed.
2025-05-02 13:59:33 WARN  org.hibernate.orm.deprecation - HHH90000025: PostgreSQLDialect does not need to be specified explicitly using 'hibernate.dialect' (remove the property setting and it will be selected by default)
2025-05-02 13:59:33 INFO  o.hibernate.orm.connections.pooling - HHH10001005: Database info:
	Database JDBC URL [Connecting through datasource 'HikariDataSource (HikariPool-5)']
	Database driver: undefined/unknown
	Database version: 17.4
	Autocommit mode: undefined/unknown
	Isolation level: undefined/unknown
	Minimum pool size: undefined/unknown
	Maximum pool size: undefined/unknown
2025-05-02 13:59:33 INFO  o.h.e.t.j.p.i.JtaPlatformInitiator - HHH000489: No JTA platform available (set 'hibernate.transaction.jta.platform' to enable JTA platform integration)
2025-05-02 13:59:33 INFO  o.s.o.j.LocalContainerEntityManagerFactoryBean - Initialized JPA EntityManagerFactory for persistence unit 'default'
2025-05-02 13:59:33 WARN  o.s.b.w.s.c.AnnotationConfigServletWebServerApplicationContext - Exception encountered during context initialization - cancelling refresh attempt: org.springframework.beans.factory.BeanCreationException: Error creating bean with name 'candleScheduler': Resolution of declared constructors on bean Class [ru.innopolis.attestations.attestation03.sheduler.CandleScheduler] from ClassLoader [org.springframework.boot.devtools.restart.classloader.RestartClassLoader@3e33d14e] failed
2025-05-02 13:59:33 INFO  o.s.o.j.LocalContainerEntityManagerFactoryBean - Closing JPA EntityManagerFactory for persistence unit 'default'
2025-05-02 13:59:33 INFO  com.zaxxer.hikari.HikariDataSource - HikariPool-5 - Shutdown initiated...
2025-05-02 13:59:33 INFO  com.zaxxer.hikari.HikariDataSource - HikariPool-5 - Shutdown completed.
2025-05-02 13:59:33 INFO  o.a.catalina.core.StandardService - Stopping service [Tomcat]
2025-05-02 13:59:33 INFO  o.s.b.a.l.ConditionEvaluationReportLogger - 

Error starting ApplicationContext. To display the condition evaluation report re-run your application with 'debug' enabled.
2025-05-02 13:59:33 ERROR o.s.boot.SpringApplication - Application run failed
org.springframework.beans.factory.BeanCreationException: Error creating bean with name 'candleScheduler': Resolution of declared constructors on bean Class [ru.innopolis.attestations.attestation03.sheduler.CandleScheduler] from ClassLoader [org.springframework.boot.devtools.restart.classloader.RestartClassLoader@3e33d14e] failed
	at org.springframework.beans.factory.annotation.AutowiredAnnotationBeanPostProcessor.determineCandidateConstructors(AutowiredAnnotationBeanPostProcessor.java:384) ~[spring-beans-6.2.6.jar:6.2.6]
	at org.springframework.beans.factory.support.AbstractAutowireCapableBeanFactory.determineConstructorsFromBeanPostProcessors(AbstractAutowireCapableBeanFactory.java:1326) ~[spring-beans-6.2.6.jar:6.2.6]
	at org.springframework.beans.factory.support.AbstractAutowireCapableBeanFactory.createBeanInstance(AbstractAutowireCapableBeanFactory.java:1221) ~[spring-beans-6.2.6.jar:6.2.6]
	at org.springframework.beans.factory.support.AbstractAutowireCapableBeanFactory.doCreateBean(AbstractAutowireCapableBeanFactory.java:569) ~[spring-beans-6.2.6.jar:6.2.6]
	at org.springframework.beans.factory.support.AbstractAutowireCapableBeanFactory.createBean(AbstractAutowireCapableBeanFactory.java:529) ~[spring-beans-6.2.6.jar:6.2.6]
	at org.springframework.beans.factory.support.AbstractBeanFactory.lambda$doGetBean$0(AbstractBeanFactory.java:339) ~[spring-beans-6.2.6.jar:6.2.6]
	at org.springframework.beans.factory.support.DefaultSingletonBeanRegistry.getSingleton(DefaultSingletonBeanRegistry.java:371) ~[spring-beans-6.2.6.jar:6.2.6]
	at org.springframework.beans.factory.support.AbstractBeanFactory.doGetBean(AbstractBeanFactory.java:337) ~[spring-beans-6.2.6.jar:6.2.6]
	at org.springframework.beans.factory.support.AbstractBeanFactory.getBean(AbstractBeanFactory.java:202) ~[spring-beans-6.2.6.jar:6.2.6]
	at org.springframework.beans.factory.support.DefaultListableBeanFactory.instantiateSingleton(DefaultListableBeanFactory.java:1221) ~[spring-beans-6.2.6.jar:6.2.6]
	at org.springframework.beans.factory.support.DefaultListableBeanFactory.preInstantiateSingleton(DefaultListableBeanFactory.java:1187) ~[spring-beans-6.2.6.jar:6.2.6]
	at org.springframework.beans.factory.support.DefaultListableBeanFactory.preInstantiateSingletons(DefaultListableBeanFactory.java:1122) ~[spring-beans-6.2.6.jar:6.2.6]
	at org.springframework.context.support.AbstractApplicationContext.finishBeanFactoryInitialization(AbstractApplicationContext.java:987) ~[spring-context-6.2.6.jar:6.2.6]
	at org.springframework.context.support.AbstractApplicationContext.refresh(AbstractApplicationContext.java:627) ~[spring-context-6.2.6.jar:6.2.6]
	at org.springframework.boot.web.servlet.context.ServletWebServerApplicationContext.refresh(ServletWebServerApplicationContext.java:146) ~[spring-boot-3.4.5.jar:3.4.5]
	at org.springframework.boot.SpringApplication.refresh(SpringApplication.java:753) ~[spring-boot-3.4.5.jar:3.4.5]
	at org.springframework.boot.SpringApplication.refreshContext(SpringApplication.java:439) ~[spring-boot-3.4.5.jar:3.4.5]
	at org.springframework.boot.SpringApplication.run(SpringApplication.java:318) ~[spring-boot-3.4.5.jar:3.4.5]
	at org.springframework.boot.SpringApplication.run(SpringApplication.java:1362) ~[spring-boot-3.4.5.jar:3.4.5]
	at org.springframework.boot.SpringApplication.run(SpringApplication.java:1351) ~[spring-boot-3.4.5.jar:3.4.5]
	at ru.innopolis.attestations.attestation03.App.main(App.java:11) ~[classes/:na]
	at java.base/jdk.internal.reflect.DirectMethodHandleAccessor.invoke(DirectMethodHandleAccessor.java:103) ~[na:na]
	at java.base/java.lang.reflect.Method.invoke(Method.java:580) ~[na:na]
	at org.springframework.boot.devtools.restart.RestartLauncher.run(RestartLauncher.java:50) ~[spring-boot-devtools-3.4.5.jar:3.4.5]
Caused by: java.lang.NoClassDefFoundError: ru/innopolis/attestations/attestation03/client/BinanceClient
	at java.base/java.lang.Class.getDeclaredConstructors0(Native Method) ~[na:na]
	at java.base/java.lang.Class.privateGetDeclaredConstructors(Class.java:3621) ~[na:na]
	at java.base/java.lang.Class.getDeclaredConstructors(Class.java:2786) ~[na:na]
	at org.springframework.beans.factory.annotation.AutowiredAnnotationBeanPostProcessor.determineCandidateConstructors(AutowiredAnnotationBeanPostProcessor.java:379) ~[spring-beans-6.2.6.jar:6.2.6]
	... 23 common frames omitted
Caused by: java.lang.ClassNotFoundException: ru.innopolis.attestations.attestation03.client.BinanceClient
	at java.base/jdk.internal.loader.BuiltinClassLoader.loadClass(BuiltinClassLoader.java:641) ~[na:na]
	at java.base/jdk.internal.loader.ClassLoaders$AppClassLoader.loadClass(ClassLoaders.java:188) ~[na:na]
	at java.base/java.lang.ClassLoader.loadClass(ClassLoader.java:528) ~[na:na]
	at java.base/java.lang.Class.forName0(Native Method) ~[na:na]
	at java.base/java.lang.Class.forName(Class.java:578) ~[na:na]
	at java.base/java.lang.Class.forName(Class.java:557) ~[na:na]
	at org.springframework.boot.devtools.restart.classloader.RestartClassLoader.loadClass(RestartClassLoader.java:121) ~[spring-boot-devtools-3.4.5.jar:3.4.5]
	at java.base/java.lang.ClassLoader.loadClass(ClassLoader.java:528) ~[na:na]
	... 27 common frames omitted
2025-05-02 14:00:51 INFO  r.i.attestations.attestation03.App - Starting App using Java 23.0.2 with PID 10560 (C:\JavaLearn\CryptoProject\crypto-strategy-analyzer\target\classes started by khade in C:\JavaLearn\CryptoProject\crypto-strategy-analyzer)
2025-05-02 14:00:51 DEBUG r.i.attestations.attestation03.App - Running with Spring Boot v3.4.5, Spring v6.2.6
2025-05-02 14:00:51 INFO  r.i.attestations.attestation03.App - No active profile set, falling back to 1 default profile: "default"
2025-05-02 14:00:51 INFO  o.s.d.r.c.RepositoryConfigurationDelegate - Bootstrapping Spring Data JPA repositories in DEFAULT mode.
2025-05-02 14:00:51 INFO  o.s.d.r.c.RepositoryConfigurationDelegate - Finished Spring Data repository scanning in 0 ms. Found 0 JPA repository interfaces.
2025-05-02 14:00:51 INFO  o.s.b.w.e.tomcat.TomcatWebServer - Tomcat initialized with port 8080 (http)
2025-05-02 14:00:51 INFO  o.a.catalina.core.StandardService - Starting service [Tomcat]
2025-05-02 14:00:51 INFO  o.a.catalina.core.StandardEngine - Starting Servlet engine: [Apache Tomcat/10.1.40]
2025-05-02 14:00:51 INFO  o.a.c.c.C.[Tomcat-2].[localhost].[/] - Initializing Spring embedded WebApplicationContext
2025-05-02 14:00:51 INFO  o.s.b.w.s.c.ServletWebServerApplicationContext - Root WebApplicationContext: initialization completed in 269 ms
2025-05-02 14:00:51 INFO  o.h.jpa.internal.util.LogHelper - HHH000204: Processing PersistenceUnitInfo [name: default]
2025-05-02 14:00:51 INFO  o.h.c.i.RegionFactoryInitiator - HHH000026: Second-level cache disabled
2025-05-02 14:00:51 INFO  o.s.o.j.p.SpringPersistenceUnitInfo - No LoadTimeWeaver setup: ignoring JPA class transformer
2025-05-02 14:00:51 INFO  com.zaxxer.hikari.HikariDataSource - HikariPool-6 - Starting...
2025-05-02 14:00:51 INFO  com.zaxxer.hikari.pool.HikariPool - HikariPool-6 - Added connection org.postgresql.jdbc.PgConnection@3b00ab24
2025-05-02 14:00:51 INFO  com.zaxxer.hikari.HikariDataSource - HikariPool-6 - Start completed.
2025-05-02 14:00:51 WARN  org.hibernate.orm.deprecation - HHH90000025: PostgreSQLDialect does not need to be specified explicitly using 'hibernate.dialect' (remove the property setting and it will be selected by default)
2025-05-02 14:00:51 INFO  o.hibernate.orm.connections.pooling - HHH10001005: Database info:
	Database JDBC URL [Connecting through datasource 'HikariDataSource (HikariPool-6)']
	Database driver: undefined/unknown
	Database version: 17.4
	Autocommit mode: undefined/unknown
	Isolation level: undefined/unknown
	Minimum pool size: undefined/unknown
	Maximum pool size: undefined/unknown
2025-05-02 14:00:51 INFO  o.h.e.t.j.p.i.JtaPlatformInitiator - HHH000489: No JTA platform available (set 'hibernate.transaction.jta.platform' to enable JTA platform integration)
2025-05-02 14:00:51 INFO  o.s.o.j.LocalContainerEntityManagerFactoryBean - Initialized JPA EntityManagerFactory for persistence unit 'default'
2025-05-02 14:00:51 WARN  o.s.b.a.o.j.JpaBaseConfiguration$JpaWebConfiguration - spring.jpa.open-in-view is enabled by default. Therefore, database queries may be performed during view rendering. Explicitly configure spring.jpa.open-in-view to disable this warning
2025-05-02 14:00:51 INFO  o.s.b.d.a.OptionalLiveReloadServer - LiveReload server is running on port 35729
2025-05-02 14:00:51 INFO  o.s.b.w.e.tomcat.TomcatWebServer - Tomcat started on port 8080 (http) with context path '/'
2025-05-02 14:00:51 INFO  r.i.attestations.attestation03.App - Started App in 0.618 seconds (process running for 1586.984)
2025-05-02 14:00:51 INFO  o.s.b.d.a.ConditionEvaluationDeltaLoggingListener - Condition evaluation unchanged
2025-05-02 14:00:54 INFO  o.s.b.d.a.LocalDevToolsAutoConfiguration$RestartingClassPathChangeChangedEventListener - Restarting due to 1 class path change (1 addition, 0 deletions, 0 modifications)
2025-05-02 14:00:54 INFO  o.s.b.w.e.tomcat.GracefulShutdown - Commencing graceful shutdown. Waiting for active requests to complete
2025-05-02 14:00:54 INFO  o.s.b.w.e.tomcat.GracefulShutdown - Graceful shutdown complete
2025-05-02 14:00:54 INFO  o.s.o.j.LocalContainerEntityManagerFactoryBean - Closing JPA EntityManagerFactory for persistence unit 'default'
2025-05-02 14:00:54 INFO  com.zaxxer.hikari.HikariDataSource - HikariPool-6 - Shutdown initiated...
2025-05-02 14:00:54 INFO  com.zaxxer.hikari.HikariDataSource - HikariPool-6 - Shutdown completed.
2025-05-02 14:00:54 INFO  r.i.attestations.attestation03.App - Starting App using Java 23.0.2 with PID 10560 (C:\JavaLearn\CryptoProject\crypto-strategy-analyzer\target\classes started by khade in C:\JavaLearn\CryptoProject\crypto-strategy-analyzer)
2025-05-02 14:00:54 DEBUG r.i.attestations.attestation03.App - Running with Spring Boot v3.4.5, Spring v6.2.6
2025-05-02 14:00:54 INFO  r.i.attestations.attestation03.App - No active profile set, falling back to 1 default profile: "default"
2025-05-02 14:00:54 INFO  o.s.d.r.c.RepositoryConfigurationDelegate - Bootstrapping Spring Data JPA repositories in DEFAULT mode.
2025-05-02 14:00:54 INFO  o.s.d.r.c.RepositoryConfigurationDelegate - Finished Spring Data repository scanning in 0 ms. Found 0 JPA repository interfaces.
2025-05-02 14:00:54 INFO  o.s.b.w.e.tomcat.TomcatWebServer - Tomcat initialized with port 8080 (http)
2025-05-02 14:00:54 INFO  o.a.catalina.core.StandardService - Starting service [Tomcat]
2025-05-02 14:00:54 INFO  o.a.catalina.core.StandardEngine - Starting Servlet engine: [Apache Tomcat/10.1.40]
2025-05-02 14:00:54 INFO  o.a.c.c.C.[Tomcat-2].[localhost].[/] - Initializing Spring embedded WebApplicationContext
2025-05-02 14:00:54 INFO  o.s.b.w.s.c.ServletWebServerApplicationContext - Root WebApplicationContext: initialization completed in 266 ms
2025-05-02 14:00:54 INFO  o.h.jpa.internal.util.LogHelper - HHH000204: Processing PersistenceUnitInfo [name: default]
2025-05-02 14:00:54 INFO  o.h.c.i.RegionFactoryInitiator - HHH000026: Second-level cache disabled
2025-05-02 14:00:54 INFO  o.s.o.j.p.SpringPersistenceUnitInfo - No LoadTimeWeaver setup: ignoring JPA class transformer
2025-05-02 14:00:54 INFO  com.zaxxer.hikari.HikariDataSource - HikariPool-7 - Starting...
2025-05-02 14:00:54 INFO  com.zaxxer.hikari.pool.HikariPool - HikariPool-7 - Added connection org.postgresql.jdbc.PgConnection@72344d99
2025-05-02 14:00:54 INFO  com.zaxxer.hikari.HikariDataSource - HikariPool-7 - Start completed.
2025-05-02 14:00:54 WARN  org.hibernate.orm.deprecation - HHH90000025: PostgreSQLDialect does not need to be specified explicitly using 'hibernate.dialect' (remove the property setting and it will be selected by default)
2025-05-02 14:00:54 INFO  o.hibernate.orm.connections.pooling - HHH10001005: Database info:
	Database JDBC URL [Connecting through datasource 'HikariDataSource (HikariPool-7)']
	Database driver: undefined/unknown
	Database version: 17.4
	Autocommit mode: undefined/unknown
	Isolation level: undefined/unknown
	Minimum pool size: undefined/unknown
	Maximum pool size: undefined/unknown
2025-05-02 14:00:54 INFO  o.h.e.t.j.p.i.JtaPlatformInitiator - HHH000489: No JTA platform available (set 'hibernate.transaction.jta.platform' to enable JTA platform integration)
2025-05-02 14:00:54 INFO  o.s.o.j.LocalContainerEntityManagerFactoryBean - Initialized JPA EntityManagerFactory for persistence unit 'default'
2025-05-02 14:00:54 WARN  o.s.b.w.s.c.AnnotationConfigServletWebServerApplicationContext - Exception encountered during context initialization - cancelling refresh attempt: org.springframework.beans.factory.BeanCreationException: Error creating bean with name 'candleScheduler': Resolution of declared constructors on bean Class [ru.innopolis.attestations.attestation03.sheduler.CandleScheduler] from ClassLoader [org.springframework.boot.devtools.restart.classloader.RestartClassLoader@1425230c] failed
2025-05-02 14:00:54 INFO  o.s.o.j.LocalContainerEntityManagerFactoryBean - Closing JPA EntityManagerFactory for persistence unit 'default'
2025-05-02 14:00:54 INFO  com.zaxxer.hikari.HikariDataSource - HikariPool-7 - Shutdown initiated...
2025-05-02 14:00:54 INFO  com.zaxxer.hikari.HikariDataSource - HikariPool-7 - Shutdown completed.
2025-05-02 14:00:54 INFO  o.a.catalina.core.StandardService - Stopping service [Tomcat]
2025-05-02 14:00:54 INFO  o.s.b.a.l.ConditionEvaluationReportLogger - 

Error starting ApplicationContext. To display the condition evaluation report re-run your application with 'debug' enabled.
2025-05-02 14:00:54 ERROR o.s.boot.SpringApplication - Application run failed
org.springframework.beans.factory.BeanCreationException: Error creating bean with name 'candleScheduler': Resolution of declared constructors on bean Class [ru.innopolis.attestations.attestation03.sheduler.CandleScheduler] from ClassLoader [org.springframework.boot.devtools.restart.classloader.RestartClassLoader@1425230c] failed
	at org.springframework.beans.factory.annotation.AutowiredAnnotationBeanPostProcessor.determineCandidateConstructors(AutowiredAnnotationBeanPostProcessor.java:384) ~[spring-beans-6.2.6.jar:6.2.6]
	at org.springframework.beans.factory.support.AbstractAutowireCapableBeanFactory.determineConstructorsFromBeanPostProcessors(AbstractAutowireCapableBeanFactory.java:1326) ~[spring-beans-6.2.6.jar:6.2.6]
	at org.springframework.beans.factory.support.AbstractAutowireCapableBeanFactory.createBeanInstance(AbstractAutowireCapableBeanFactory.java:1221) ~[spring-beans-6.2.6.jar:6.2.6]
	at org.springframework.beans.factory.support.AbstractAutowireCapableBeanFactory.doCreateBean(AbstractAutowireCapableBeanFactory.java:569) ~[spring-beans-6.2.6.jar:6.2.6]
	at org.springframework.beans.factory.support.AbstractAutowireCapableBeanFactory.createBean(AbstractAutowireCapableBeanFactory.java:529) ~[spring-beans-6.2.6.jar:6.2.6]
	at org.springframework.beans.factory.support.AbstractBeanFactory.lambda$doGetBean$0(AbstractBeanFactory.java:339) ~[spring-beans-6.2.6.jar:6.2.6]
	at org.springframework.beans.factory.support.DefaultSingletonBeanRegistry.getSingleton(DefaultSingletonBeanRegistry.java:371) ~[spring-beans-6.2.6.jar:6.2.6]
	at org.springframework.beans.factory.support.AbstractBeanFactory.doGetBean(AbstractBeanFactory.java:337) ~[spring-beans-6.2.6.jar:6.2.6]
	at org.springframework.beans.factory.support.AbstractBeanFactory.getBean(AbstractBeanFactory.java:202) ~[spring-beans-6.2.6.jar:6.2.6]
	at org.springframework.beans.factory.support.DefaultListableBeanFactory.instantiateSingleton(DefaultListableBeanFactory.java:1221) ~[spring-beans-6.2.6.jar:6.2.6]
	at org.springframework.beans.factory.support.DefaultListableBeanFactory.preInstantiateSingleton(DefaultListableBeanFactory.java:1187) ~[spring-beans-6.2.6.jar:6.2.6]
	at org.springframework.beans.factory.support.DefaultListableBeanFactory.preInstantiateSingletons(DefaultListableBeanFactory.java:1122) ~[spring-beans-6.2.6.jar:6.2.6]
	at org.springframework.context.support.AbstractApplicationContext.finishBeanFactoryInitialization(AbstractApplicationContext.java:987) ~[spring-context-6.2.6.jar:6.2.6]
	at org.springframework.context.support.AbstractApplicationContext.refresh(AbstractApplicationContext.java:627) ~[spring-context-6.2.6.jar:6.2.6]
	at org.springframework.boot.web.servlet.context.ServletWebServerApplicationContext.refresh(ServletWebServerApplicationContext.java:146) ~[spring-boot-3.4.5.jar:3.4.5]
	at org.springframework.boot.SpringApplication.refresh(SpringApplication.java:753) ~[spring-boot-3.4.5.jar:3.4.5]
	at org.springframework.boot.SpringApplication.refreshContext(SpringApplication.java:439) ~[spring-boot-3.4.5.jar:3.4.5]
	at org.springframework.boot.SpringApplication.run(SpringApplication.java:318) ~[spring-boot-3.4.5.jar:3.4.5]
	at org.springframework.boot.SpringApplication.run(SpringApplication.java:1362) ~[spring-boot-3.4.5.jar:3.4.5]
	at org.springframework.boot.SpringApplication.run(SpringApplication.java:1351) ~[spring-boot-3.4.5.jar:3.4.5]
	at ru.innopolis.attestations.attestation03.App.main(App.java:11) ~[classes/:na]
	at java.base/jdk.internal.reflect.DirectMethodHandleAccessor.invoke(DirectMethodHandleAccessor.java:103) ~[na:na]
	at java.base/java.lang.reflect.Method.invoke(Method.java:580) ~[na:na]
	at org.springframework.boot.devtools.restart.RestartLauncher.run(RestartLauncher.java:50) ~[spring-boot-devtools-3.4.5.jar:3.4.5]
Caused by: java.lang.NoClassDefFoundError: ru/innopolis/attestations/attestation03/client/BinanceClient
	at java.base/java.lang.Class.getDeclaredConstructors0(Native Method) ~[na:na]
	at java.base/java.lang.Class.privateGetDeclaredConstructors(Class.java:3621) ~[na:na]
	at java.base/java.lang.Class.getDeclaredConstructors(Class.java:2786) ~[na:na]
	at org.springframework.beans.factory.annotation.AutowiredAnnotationBeanPostProcessor.determineCandidateConstructors(AutowiredAnnotationBeanPostProcessor.java:379) ~[spring-beans-6.2.6.jar:6.2.6]
	... 23 common frames omitted
Caused by: java.lang.ClassNotFoundException: ru.innopolis.attestations.attestation03.client.BinanceClient
	at java.base/jdk.internal.loader.BuiltinClassLoader.loadClass(BuiltinClassLoader.java:641) ~[na:na]
	at java.base/jdk.internal.loader.ClassLoaders$AppClassLoader.loadClass(ClassLoaders.java:188) ~[na:na]
	at java.base/java.lang.ClassLoader.loadClass(ClassLoader.java:528) ~[na:na]
	at java.base/java.lang.Class.forName0(Native Method) ~[na:na]
	at java.base/java.lang.Class.forName(Class.java:578) ~[na:na]
	at java.base/java.lang.Class.forName(Class.java:557) ~[na:na]
	at org.springframework.boot.devtools.restart.classloader.RestartClassLoader.loadClass(RestartClassLoader.java:121) ~[spring-boot-devtools-3.4.5.jar:3.4.5]
	at java.base/java.lang.ClassLoader.loadClass(ClassLoader.java:528) ~[na:na]
	... 27 common frames omitted
2025-05-02 14:01:14 INFO  r.i.attestations.attestation03.App - Starting App using Java 23.0.2 with PID 10560 (C:\JavaLearn\CryptoProject\crypto-strategy-analyzer\target\classes started by khade in C:\JavaLearn\CryptoProject\crypto-strategy-analyzer)
2025-05-02 14:01:14 DEBUG r.i.attestations.attestation03.App - Running with Spring Boot v3.4.5, Spring v6.2.6
2025-05-02 14:01:14 INFO  r.i.attestations.attestation03.App - No active profile set, falling back to 1 default profile: "default"
2025-05-02 14:01:14 INFO  o.s.d.r.c.RepositoryConfigurationDelegate - Bootstrapping Spring Data JPA repositories in DEFAULT mode.
2025-05-02 14:01:14 INFO  o.s.d.r.c.RepositoryConfigurationDelegate - Finished Spring Data repository scanning in 0 ms. Found 0 JPA repository interfaces.
2025-05-02 14:01:14 INFO  o.s.b.w.e.tomcat.TomcatWebServer - Tomcat initialized with port 8080 (http)
2025-05-02 14:01:14 INFO  o.a.catalina.core.StandardService - Starting service [Tomcat]
2025-05-02 14:01:14 INFO  o.a.catalina.core.StandardEngine - Starting Servlet engine: [Apache Tomcat/10.1.40]
2025-05-02 14:01:14 INFO  o.a.c.c.C.[Tomcat-3].[localhost].[/] - Initializing Spring embedded WebApplicationContext
2025-05-02 14:01:14 INFO  o.s.b.w.s.c.ServletWebServerApplicationContext - Root WebApplicationContext: initialization completed in 317 ms
2025-05-02 14:01:14 INFO  o.h.jpa.internal.util.LogHelper - HHH000204: Processing PersistenceUnitInfo [name: default]
2025-05-02 14:01:14 INFO  o.h.c.i.RegionFactoryInitiator - HHH000026: Second-level cache disabled
2025-05-02 14:01:14 INFO  o.s.o.j.p.SpringPersistenceUnitInfo - No LoadTimeWeaver setup: ignoring JPA class transformer
2025-05-02 14:01:14 INFO  com.zaxxer.hikari.HikariDataSource - HikariPool-8 - Starting...
2025-05-02 14:01:14 INFO  com.zaxxer.hikari.pool.HikariPool - HikariPool-8 - Added connection org.postgresql.jdbc.PgConnection@818056b
2025-05-02 14:01:14 INFO  com.zaxxer.hikari.HikariDataSource - HikariPool-8 - Start completed.
2025-05-02 14:01:14 WARN  org.hibernate.orm.deprecation - HHH90000025: PostgreSQLDialect does not need to be specified explicitly using 'hibernate.dialect' (remove the property setting and it will be selected by default)
2025-05-02 14:01:14 INFO  o.hibernate.orm.connections.pooling - HHH10001005: Database info:
	Database JDBC URL [Connecting through datasource 'HikariDataSource (HikariPool-8)']
	Database driver: undefined/unknown
	Database version: 17.4
	Autocommit mode: undefined/unknown
	Isolation level: undefined/unknown
	Minimum pool size: undefined/unknown
	Maximum pool size: undefined/unknown
2025-05-02 14:01:15 INFO  o.h.e.t.j.p.i.JtaPlatformInitiator - HHH000489: No JTA platform available (set 'hibernate.transaction.jta.platform' to enable JTA platform integration)
2025-05-02 14:01:15 INFO  o.s.o.j.LocalContainerEntityManagerFactoryBean - Initialized JPA EntityManagerFactory for persistence unit 'default'
2025-05-02 14:01:15 WARN  o.s.b.w.s.c.AnnotationConfigServletWebServerApplicationContext - Exception encountered during context initialization - cancelling refresh attempt: org.springframework.beans.factory.BeanCreationException: Error creating bean with name 'candleScheduler': Resolution of declared constructors on bean Class [ru.innopolis.attestations.attestation03.sheduler.CandleScheduler] from ClassLoader [org.springframework.boot.devtools.restart.classloader.RestartClassLoader@6ae059d8] failed
2025-05-02 14:01:15 INFO  o.s.o.j.LocalContainerEntityManagerFactoryBean - Closing JPA EntityManagerFactory for persistence unit 'default'
2025-05-02 14:01:15 INFO  com.zaxxer.hikari.HikariDataSource - HikariPool-8 - Shutdown initiated...
2025-05-02 14:01:15 INFO  com.zaxxer.hikari.HikariDataSource - HikariPool-8 - Shutdown completed.
2025-05-02 14:01:15 INFO  o.a.catalina.core.StandardService - Stopping service [Tomcat]
2025-05-02 14:01:15 INFO  o.s.b.a.l.ConditionEvaluationReportLogger - 

Error starting ApplicationContext. To display the condition evaluation report re-run your application with 'debug' enabled.
2025-05-02 14:01:15 ERROR o.s.boot.SpringApplication - Application run failed
org.springframework.beans.factory.BeanCreationException: Error creating bean with name 'candleScheduler': Resolution of declared constructors on bean Class [ru.innopolis.attestations.attestation03.sheduler.CandleScheduler] from ClassLoader [org.springframework.boot.devtools.restart.classloader.RestartClassLoader@6ae059d8] failed
	at org.springframework.beans.factory.annotation.AutowiredAnnotationBeanPostProcessor.determineCandidateConstructors(AutowiredAnnotationBeanPostProcessor.java:384) ~[spring-beans-6.2.6.jar:6.2.6]
	at org.springframework.beans.factory.support.AbstractAutowireCapableBeanFactory.determineConstructorsFromBeanPostProcessors(AbstractAutowireCapableBeanFactory.java:1326) ~[spring-beans-6.2.6.jar:6.2.6]
	at org.springframework.beans.factory.support.AbstractAutowireCapableBeanFactory.createBeanInstance(AbstractAutowireCapableBeanFactory.java:1221) ~[spring-beans-6.2.6.jar:6.2.6]
	at org.springframework.beans.factory.support.AbstractAutowireCapableBeanFactory.doCreateBean(AbstractAutowireCapableBeanFactory.java:569) ~[spring-beans-6.2.6.jar:6.2.6]
	at org.springframework.beans.factory.support.AbstractAutowireCapableBeanFactory.createBean(AbstractAutowireCapableBeanFactory.java:529) ~[spring-beans-6.2.6.jar:6.2.6]
	at org.springframework.beans.factory.support.AbstractBeanFactory.lambda$doGetBean$0(AbstractBeanFactory.java:339) ~[spring-beans-6.2.6.jar:6.2.6]
	at org.springframework.beans.factory.support.DefaultSingletonBeanRegistry.getSingleton(DefaultSingletonBeanRegistry.java:371) ~[spring-beans-6.2.6.jar:6.2.6]
	at org.springframework.beans.factory.support.AbstractBeanFactory.doGetBean(AbstractBeanFactory.java:337) ~[spring-beans-6.2.6.jar:6.2.6]
	at org.springframework.beans.factory.support.AbstractBeanFactory.getBean(AbstractBeanFactory.java:202) ~[spring-beans-6.2.6.jar:6.2.6]
	at org.springframework.beans.factory.support.DefaultListableBeanFactory.instantiateSingleton(DefaultListableBeanFactory.java:1221) ~[spring-beans-6.2.6.jar:6.2.6]
	at org.springframework.beans.factory.support.DefaultListableBeanFactory.preInstantiateSingleton(DefaultListableBeanFactory.java:1187) ~[spring-beans-6.2.6.jar:6.2.6]
	at org.springframework.beans.factory.support.DefaultListableBeanFactory.preInstantiateSingletons(DefaultListableBeanFactory.java:1122) ~[spring-beans-6.2.6.jar:6.2.6]
	at org.springframework.context.support.AbstractApplicationContext.finishBeanFactoryInitialization(AbstractApplicationContext.java:987) ~[spring-context-6.2.6.jar:6.2.6]
	at org.springframework.context.support.AbstractApplicationContext.refresh(AbstractApplicationContext.java:627) ~[spring-context-6.2.6.jar:6.2.6]
	at org.springframework.boot.web.servlet.context.ServletWebServerApplicationContext.refresh(ServletWebServerApplicationContext.java:146) ~[spring-boot-3.4.5.jar:3.4.5]
	at org.springframework.boot.SpringApplication.refresh(SpringApplication.java:753) ~[spring-boot-3.4.5.jar:3.4.5]
	at org.springframework.boot.SpringApplication.refreshContext(SpringApplication.java:439) ~[spring-boot-3.4.5.jar:3.4.5]
	at org.springframework.boot.SpringApplication.run(SpringApplication.java:318) ~[spring-boot-3.4.5.jar:3.4.5]
	at org.springframework.boot.SpringApplication.run(SpringApplication.java:1362) ~[spring-boot-3.4.5.jar:3.4.5]
	at org.springframework.boot.SpringApplication.run(SpringApplication.java:1351) ~[spring-boot-3.4.5.jar:3.4.5]
	at ru.innopolis.attestations.attestation03.App.main(App.java:11) ~[classes/:na]
	at java.base/jdk.internal.reflect.DirectMethodHandleAccessor.invoke(DirectMethodHandleAccessor.java:103) ~[na:na]
	at java.base/java.lang.reflect.Method.invoke(Method.java:580) ~[na:na]
	at org.springframework.boot.devtools.restart.RestartLauncher.run(RestartLauncher.java:50) ~[spring-boot-devtools-3.4.5.jar:3.4.5]
Caused by: java.lang.NoClassDefFoundError: ru/innopolis/attestations/attestation03/client/BinanceClient
	at java.base/java.lang.Class.getDeclaredConstructors0(Native Method) ~[na:na]
	at java.base/java.lang.Class.privateGetDeclaredConstructors(Class.java:3621) ~[na:na]
	at java.base/java.lang.Class.getDeclaredConstructors(Class.java:2786) ~[na:na]
	at org.springframework.beans.factory.annotation.AutowiredAnnotationBeanPostProcessor.determineCandidateConstructors(AutowiredAnnotationBeanPostProcessor.java:379) ~[spring-beans-6.2.6.jar:6.2.6]
	... 23 common frames omitted
Caused by: java.lang.ClassNotFoundException: ru.innopolis.attestations.attestation03.client.BinanceClient
	at java.base/jdk.internal.loader.BuiltinClassLoader.loadClass(BuiltinClassLoader.java:641) ~[na:na]
	at java.base/jdk.internal.loader.ClassLoaders$AppClassLoader.loadClass(ClassLoaders.java:188) ~[na:na]
	at java.base/java.lang.ClassLoader.loadClass(ClassLoader.java:528) ~[na:na]
	at java.base/java.lang.Class.forName0(Native Method) ~[na:na]
	at java.base/java.lang.Class.forName(Class.java:578) ~[na:na]
	at java.base/java.lang.Class.forName(Class.java:557) ~[na:na]
	at org.springframework.boot.devtools.restart.classloader.RestartClassLoader.loadClass(RestartClassLoader.java:121) ~[spring-boot-devtools-3.4.5.jar:3.4.5]
	at java.base/java.lang.ClassLoader.loadClass(ClassLoader.java:528) ~[na:na]
	... 27 common frames omitted
2025-05-02 14:01:16 INFO  r.i.attestations.attestation03.App - Starting App using Java 23.0.2 with PID 10560 (C:\JavaLearn\CryptoProject\crypto-strategy-analyzer\target\classes started by khade in C:\JavaLearn\CryptoProject\crypto-strategy-analyzer)
2025-05-02 14:01:16 DEBUG r.i.attestations.attestation03.App - Running with Spring Boot v3.4.5, Spring v6.2.6
2025-05-02 14:01:16 INFO  r.i.attestations.attestation03.App - No active profile set, falling back to 1 default profile: "default"
2025-05-02 14:01:17 INFO  o.s.d.r.c.RepositoryConfigurationDelegate - Bootstrapping Spring Data JPA repositories in DEFAULT mode.
2025-05-02 14:01:17 INFO  o.s.d.r.c.RepositoryConfigurationDelegate - Finished Spring Data repository scanning in 0 ms. Found 0 JPA repository interfaces.
2025-05-02 14:01:17 INFO  o.s.b.w.e.tomcat.TomcatWebServer - Tomcat initialized with port 8080 (http)
2025-05-02 14:01:17 INFO  o.a.catalina.core.StandardService - Starting service [Tomcat]
2025-05-02 14:01:17 INFO  o.a.catalina.core.StandardEngine - Starting Servlet engine: [Apache Tomcat/10.1.40]
2025-05-02 14:01:17 INFO  o.a.c.c.C.[Tomcat-4].[localhost].[/] - Initializing Spring embedded WebApplicationContext
2025-05-02 14:01:17 INFO  o.s.b.w.s.c.ServletWebServerApplicationContext - Root WebApplicationContext: initialization completed in 338 ms
2025-05-02 14:01:17 INFO  o.h.jpa.internal.util.LogHelper - HHH000204: Processing PersistenceUnitInfo [name: default]
2025-05-02 14:01:17 INFO  o.h.c.i.RegionFactoryInitiator - HHH000026: Second-level cache disabled
2025-05-02 14:01:17 INFO  o.s.o.j.p.SpringPersistenceUnitInfo - No LoadTimeWeaver setup: ignoring JPA class transformer
2025-05-02 14:01:17 INFO  com.zaxxer.hikari.HikariDataSource - HikariPool-9 - Starting...
2025-05-02 14:01:17 INFO  com.zaxxer.hikari.pool.HikariPool - HikariPool-9 - Added connection org.postgresql.jdbc.PgConnection@1f4abd8d
2025-05-02 14:01:17 INFO  com.zaxxer.hikari.HikariDataSource - HikariPool-9 - Start completed.
2025-05-02 14:01:17 WARN  org.hibernate.orm.deprecation - HHH90000025: PostgreSQLDialect does not need to be specified explicitly using 'hibernate.dialect' (remove the property setting and it will be selected by default)
2025-05-02 14:01:17 INFO  o.hibernate.orm.connections.pooling - HHH10001005: Database info:
	Database JDBC URL [Connecting through datasource 'HikariDataSource (HikariPool-9)']
	Database driver: undefined/unknown
	Database version: 17.4
	Autocommit mode: undefined/unknown
	Isolation level: undefined/unknown
	Minimum pool size: undefined/unknown
	Maximum pool size: undefined/unknown
2025-05-02 14:01:17 INFO  o.h.e.t.j.p.i.JtaPlatformInitiator - HHH000489: No JTA platform available (set 'hibernate.transaction.jta.platform' to enable JTA platform integration)
2025-05-02 14:01:17 INFO  o.s.o.j.LocalContainerEntityManagerFactoryBean - Initialized JPA EntityManagerFactory for persistence unit 'default'
2025-05-02 14:01:17 WARN  o.s.b.w.s.c.AnnotationConfigServletWebServerApplicationContext - Exception encountered during context initialization - cancelling refresh attempt: org.springframework.beans.factory.BeanCreationException: Error creating bean with name 'candleScheduler': Resolution of declared constructors on bean Class [ru.innopolis.attestations.attestation03.sheduler.CandleScheduler] from ClassLoader [org.springframework.boot.devtools.restart.classloader.RestartClassLoader@492f996b] failed
2025-05-02 14:01:17 INFO  o.s.o.j.LocalContainerEntityManagerFactoryBean - Closing JPA EntityManagerFactory for persistence unit 'default'
2025-05-02 14:01:17 INFO  com.zaxxer.hikari.HikariDataSource - HikariPool-9 - Shutdown initiated...
2025-05-02 14:01:17 INFO  com.zaxxer.hikari.HikariDataSource - HikariPool-9 - Shutdown completed.
2025-05-02 14:01:17 INFO  o.a.catalina.core.StandardService - Stopping service [Tomcat]
2025-05-02 14:01:17 INFO  o.s.b.a.l.ConditionEvaluationReportLogger - 

Error starting ApplicationContext. To display the condition evaluation report re-run your application with 'debug' enabled.
2025-05-02 14:01:17 ERROR o.s.boot.SpringApplication - Application run failed
org.springframework.beans.factory.BeanCreationException: Error creating bean with name 'candleScheduler': Resolution of declared constructors on bean Class [ru.innopolis.attestations.attestation03.sheduler.CandleScheduler] from ClassLoader [org.springframework.boot.devtools.restart.classloader.RestartClassLoader@492f996b] failed
	at org.springframework.beans.factory.annotation.AutowiredAnnotationBeanPostProcessor.determineCandidateConstructors(AutowiredAnnotationBeanPostProcessor.java:384) ~[spring-beans-6.2.6.jar:6.2.6]
	at org.springframework.beans.factory.support.AbstractAutowireCapableBeanFactory.determineConstructorsFromBeanPostProcessors(AbstractAutowireCapableBeanFactory.java:1326) ~[spring-beans-6.2.6.jar:6.2.6]
	at org.springframework.beans.factory.support.AbstractAutowireCapableBeanFactory.createBeanInstance(AbstractAutowireCapableBeanFactory.java:1221) ~[spring-beans-6.2.6.jar:6.2.6]
	at org.springframework.beans.factory.support.AbstractAutowireCapableBeanFactory.doCreateBean(AbstractAutowireCapableBeanFactory.java:569) ~[spring-beans-6.2.6.jar:6.2.6]
	at org.springframework.beans.factory.support.AbstractAutowireCapableBeanFactory.createBean(AbstractAutowireCapableBeanFactory.java:529) ~[spring-beans-6.2.6.jar:6.2.6]
	at org.springframework.beans.factory.support.AbstractBeanFactory.lambda$doGetBean$0(AbstractBeanFactory.java:339) ~[spring-beans-6.2.6.jar:6.2.6]
	at org.springframework.beans.factory.support.DefaultSingletonBeanRegistry.getSingleton(DefaultSingletonBeanRegistry.java:371) ~[spring-beans-6.2.6.jar:6.2.6]
	at org.springframework.beans.factory.support.AbstractBeanFactory.doGetBean(AbstractBeanFactory.java:337) ~[spring-beans-6.2.6.jar:6.2.6]
	at org.springframework.beans.factory.support.AbstractBeanFactory.getBean(AbstractBeanFactory.java:202) ~[spring-beans-6.2.6.jar:6.2.6]
	at org.springframework.beans.factory.support.DefaultListableBeanFactory.instantiateSingleton(DefaultListableBeanFactory.java:1221) ~[spring-beans-6.2.6.jar:6.2.6]
	at org.springframework.beans.factory.support.DefaultListableBeanFactory.preInstantiateSingleton(DefaultListableBeanFactory.java:1187) ~[spring-beans-6.2.6.jar:6.2.6]
	at org.springframework.beans.factory.support.DefaultListableBeanFactory.preInstantiateSingletons(DefaultListableBeanFactory.java:1122) ~[spring-beans-6.2.6.jar:6.2.6]
	at org.springframework.context.support.AbstractApplicationContext.finishBeanFactoryInitialization(AbstractApplicationContext.java:987) ~[spring-context-6.2.6.jar:6.2.6]
	at org.springframework.context.support.AbstractApplicationContext.refresh(AbstractApplicationContext.java:627) ~[spring-context-6.2.6.jar:6.2.6]
	at org.springframework.boot.web.servlet.context.ServletWebServerApplicationContext.refresh(ServletWebServerApplicationContext.java:146) ~[spring-boot-3.4.5.jar:3.4.5]
	at org.springframework.boot.SpringApplication.refresh(SpringApplication.java:753) ~[spring-boot-3.4.5.jar:3.4.5]
	at org.springframework.boot.SpringApplication.refreshContext(SpringApplication.java:439) ~[spring-boot-3.4.5.jar:3.4.5]
	at org.springframework.boot.SpringApplication.run(SpringApplication.java:318) ~[spring-boot-3.4.5.jar:3.4.5]
	at org.springframework.boot.SpringApplication.run(SpringApplication.java:1362) ~[spring-boot-3.4.5.jar:3.4.5]
	at org.springframework.boot.SpringApplication.run(SpringApplication.java:1351) ~[spring-boot-3.4.5.jar:3.4.5]
	at ru.innopolis.attestations.attestation03.App.main(App.java:11) ~[classes/:na]
	at java.base/jdk.internal.reflect.DirectMethodHandleAccessor.invoke(DirectMethodHandleAccessor.java:103) ~[na:na]
	at java.base/java.lang.reflect.Method.invoke(Method.java:580) ~[na:na]
	at org.springframework.boot.devtools.restart.RestartLauncher.run(RestartLauncher.java:50) ~[spring-boot-devtools-3.4.5.jar:3.4.5]
Caused by: java.lang.NoClassDefFoundError: ru/innopolis/attestations/attestation03/client/BinanceClient
	at java.base/java.lang.Class.getDeclaredConstructors0(Native Method) ~[na:na]
	at java.base/java.lang.Class.privateGetDeclaredConstructors(Class.java:3621) ~[na:na]
	at java.base/java.lang.Class.getDeclaredConstructors(Class.java:2786) ~[na:na]
	at org.springframework.beans.factory.annotation.AutowiredAnnotationBeanPostProcessor.determineCandidateConstructors(AutowiredAnnotationBeanPostProcessor.java:379) ~[spring-beans-6.2.6.jar:6.2.6]
	... 23 common frames omitted
Caused by: java.lang.ClassNotFoundException: ru.innopolis.attestations.attestation03.client.BinanceClient
	at java.base/jdk.internal.loader.BuiltinClassLoader.loadClass(BuiltinClassLoader.java:641) ~[na:na]
	at java.base/jdk.internal.loader.ClassLoaders$AppClassLoader.loadClass(ClassLoaders.java:188) ~[na:na]
	at java.base/java.lang.ClassLoader.loadClass(ClassLoader.java:528) ~[na:na]
	at java.base/java.lang.Class.forName0(Native Method) ~[na:na]
	at java.base/java.lang.Class.forName(Class.java:578) ~[na:na]
	at java.base/java.lang.Class.forName(Class.java:557) ~[na:na]
	at org.springframework.boot.devtools.restart.classloader.RestartClassLoader.loadClass(RestartClassLoader.java:121) ~[spring-boot-devtools-3.4.5.jar:3.4.5]
	at java.base/java.lang.ClassLoader.loadClass(ClassLoader.java:528) ~[na:na]
	... 27 common frames omitted
2025-05-02 21:57:46 INFO  r.i.attestations.attestation03.App - Starting App using Java 23.0.2 with PID 23796 (C:\JavaLearn\CryptoProject\crypto-strategy-analyzer\target\classes started by khade in C:\JavaLearn\CryptoProject\crypto-strategy-analyzer)
2025-05-02 21:57:46 DEBUG r.i.attestations.attestation03.App - Running with Spring Boot v3.4.5, Spring v6.2.6
2025-05-02 21:57:46 INFO  r.i.attestations.attestation03.App - No active profile set, falling back to 1 default profile: "default"
2025-05-02 21:57:46 INFO  o.s.b.d.e.DevToolsPropertyDefaultsPostProcessor - Devtools property defaults active! Set 'spring.devtools.add-properties' to 'false' to disable
2025-05-02 21:57:46 INFO  o.s.b.d.e.DevToolsPropertyDefaultsPostProcessor - For additional web related logging consider setting the 'logging.level.web' property to 'DEBUG'
2025-05-02 21:57:47 INFO  o.s.d.r.c.RepositoryConfigurationDelegate - Bootstrapping Spring Data JPA repositories in DEFAULT mode.
2025-05-02 21:57:47 INFO  o.s.d.r.c.RepositoryConfigurationDelegate - Finished Spring Data repository scanning in 80 ms. Found 1 JPA repository interface.
2025-05-02 21:57:48 INFO  o.s.b.w.e.tomcat.TomcatWebServer - Tomcat initialized with port 8080 (http)
2025-05-02 21:57:48 INFO  o.a.catalina.core.StandardService - Starting service [Tomcat]
2025-05-02 21:57:48 INFO  o.a.catalina.core.StandardEngine - Starting Servlet engine: [Apache Tomcat/10.1.40]
2025-05-02 21:57:48 INFO  o.a.c.c.C.[Tomcat].[localhost].[/] - Initializing Spring embedded WebApplicationContext
2025-05-02 21:57:48 INFO  o.s.b.w.s.c.ServletWebServerApplicationContext - Root WebApplicationContext: initialization completed in 1950 ms
2025-05-02 21:57:48 INFO  o.h.jpa.internal.util.LogHelper - HHH000204: Processing PersistenceUnitInfo [name: default]
2025-05-02 21:57:48 INFO  org.hibernate.Version - HHH000412: Hibernate ORM core version 6.6.13.Final
2025-05-02 21:57:48 INFO  o.h.c.i.RegionFactoryInitiator - HHH000026: Second-level cache disabled
2025-05-02 21:57:49 INFO  o.s.o.j.p.SpringPersistenceUnitInfo - No LoadTimeWeaver setup: ignoring JPA class transformer
2025-05-02 21:57:49 INFO  com.zaxxer.hikari.HikariDataSource - HikariPool-1 - Starting...
2025-05-02 21:57:49 INFO  com.zaxxer.hikari.pool.HikariPool - HikariPool-1 - Added connection org.postgresql.jdbc.PgConnection@2515340b
2025-05-02 21:57:49 INFO  com.zaxxer.hikari.HikariDataSource - HikariPool-1 - Start completed.
2025-05-02 21:57:49 WARN  org.hibernate.orm.deprecation - HHH90000025: PostgreSQLDialect does not need to be specified explicitly using 'hibernate.dialect' (remove the property setting and it will be selected by default)
2025-05-02 21:57:49 INFO  o.hibernate.orm.connections.pooling - HHH10001005: Database info:
	Database JDBC URL [Connecting through datasource 'HikariDataSource (HikariPool-1)']
	Database driver: undefined/unknown
	Database version: 17.4
	Autocommit mode: undefined/unknown
	Isolation level: undefined/unknown
	Minimum pool size: undefined/unknown
	Maximum pool size: undefined/unknown
2025-05-02 21:57:50 INFO  o.h.e.t.j.p.i.JtaPlatformInitiator - HHH000489: No JTA platform available (set 'hibernate.transaction.jta.platform' to enable JTA platform integration)
2025-05-02 21:57:50 INFO  o.s.o.j.LocalContainerEntityManagerFactoryBean - Initialized JPA EntityManagerFactory for persistence unit 'default'
2025-05-02 21:57:51 WARN  o.s.b.a.o.j.JpaBaseConfiguration$JpaWebConfiguration - spring.jpa.open-in-view is enabled by default. Therefore, database queries may be performed during view rendering. Explicitly configure spring.jpa.open-in-view to disable this warning
2025-05-02 21:57:51 INFO  o.s.b.d.a.OptionalLiveReloadServer - LiveReload server is running on port 35729
2025-05-02 21:57:51 INFO  o.s.b.w.e.tomcat.TomcatWebServer - Tomcat started on port 8080 (http) with context path '/'
2025-05-02 21:57:51 INFO  r.i.attestations.attestation03.App - Started App in 5.38 seconds (process running for 7.232)
2025-05-02 21:58:11 INFO  r.i.a.a.client.BinanceClient - Binance request: https://api.binance.com/api/v3/klines?symbol=BTCUSDT&interval=1d&startTime=1743552000000&endTime=1746230400000
2025-05-02 21:58:12 INFO  r.i.a.a.client.BinanceClient - Binance response:
[[1743552000000,"85158.35000000","88500.00000000","82320.00000000","82516.29000000","39931.45700000",1743638399999,"3417279759.83076360",5338238,"20739.67809000","1777735583.84074790","0"],[1743638400000,"82516.28000000","83998.02000000","81211.24000000","83213.09000000","27337.84135000",1743724799999,"2259299724.86439270",4117486,"13951.52792000","1153439398.61980140","0"],[1743724800000,"83213.09000000","84720.00000000","81659.00000000","83889.87000000","32915.53976000",1743811199999,"2739842666.42673680",4992586,"15896.18779000","1323832046.26468800","0"],[1743811200000,"83889.87000000","84266.00000000","82379.95000000","83537.99000000","9360.40468000",1743897599999,"779626577.90134360",1575750,"4029.64658000","335654613.72771840","0"],[1743897600000,"83537.99000000","83817.63000000","77153.83000000","78430.00000000","27942.71436000",1743983999999,"2239085051.15296450",3948493,"12493.84490000","1001459573.49446610","0"],[1743984000000,"78430.00000000","81243.58000000","74508.00000000","79163.24000000","78387.53089000",1744070399999,"6084614024.15064720",9736596,"39075.84274000","3034375055.68439650","0"],[1744070400000,"79163.24000000","80867.99000000","76239.90000000","76322.42000000","35317.32063000",1744156799999,"2775277777.10246080",5512751,"15704.73031000","1235370767.11535030","0"],[1744156800000,"76322.42000000","83588.00000000","74620.00000000","82615.22000000","75488.28772000",1744243199999,"5980231256.22249600",7741252,"39491.62958000","3137004042.95926080","0"],[1744243200000,"82615.22000000","82753.21000000","78464.36000000","79607.30000000","33284.80718000",1744329599999,"2690294353.84784260",4529545,"16339.91910000","1321475356.02008490","0"],[1744329600000,"79607.30000000","84300.00000000","78969.58000000","83423.84000000","34435.43797000",1744415999999,"2830363945.17875230",4423157,"18019.58367000","1482515278.91770430","0"],[1744416000000,"83423.83000000","85905.00000000","82792.95000000","85276.90000000","18470.74437000",1744502399999,"1557403252.92675150",2501196,"9526.72644000","803747272.78346800","0"],[1744502400000,"85276.91000000","86100.00000000","83034.23000000","83760.00000000","24680.04181000",1744588799999,"2086106375.43925540",3275879,"11658.67909000","986303246.09318360","0"],[1744588800000,"83760.00000000","85799.99000000","83678.00000000","84591.58000000","28659.09348000",1744675199999,"2429132805.08152890",3921522,"15196.58929000","1288815999.14061730","0"],[1744675200000,"84591.58000000","86496.42000000","83600.00000000","83643.99000000","20910.99528000",1744761599999,"1780972414.39560070",2910533,"10439.36072000","889895753.16736510","0"],[1744761600000,"83643.99000000","85500.00000000","83111.64000000","84030.38000000","20867.24519000",1744847999999,"1753910031.20092420",3264730,"10456.76900000","878939829.48483680","0"],[1744848000000,"84030.38000000","85470.01000000","83736.26000000","84947.91000000","13728.84772000",1744934399999,"1161659427.38626280",2003405,"6424.41565000","543726754.41870160","0"],[1744934400000,"84947.92000000","85132.08000000","84303.96000000","84474.69000000","6529.96315000",1745020799999,"552648483.64748710",840009,"2911.78856000","246467088.26214660","0"],[1745020800000,"84474.70000000","85677.99000000","84364.45000000","85077.01000000","9666.58153000",1745107199999,"823222752.28424930",875226,"5416.30087000","461342923.99908200","0"],[1745107200000,"85077.00000000","85320.76000000","83949.52000000","85179.24000000","8091.67725000",1745193599999,"685253644.89183620",944130,"3843.48314000","325482835.73783290","0"],[1745193600000,"85179.24000000","88465.99000000","85144.76000000","87516.23000000","31773.37262000",1745279999999,"2773299591.46706560",3041395,"17216.39877000","1502705225.13413500","0"],[1745280000000,"87516.22000000","93888.00000000","87076.03000000","93442.99000000","43872.74705000",1745366399999,"3967785064.12817020",3268475,"22777.77047000","2062639579.20308550","0"],[1745366400000,"93442.99000000","94696.05000000","91935.41000000","93691.08000000","27404.16808000",1745452799999,"2560279933.94795160",3016536,"13128.05774000","1226992558.57654620","0"],[1745452800000,"93691.07000000","94005.00000000","91660.01000000","93980.47000000","19497.06071000",1745539199999,"1811120137.31467870",2797383,"8565.18128000","795787487.36089810","0"],[1745539200000,"93980.47000000","95758.04000000","92855.96000000","94638.68000000","27500.66648000",1745625599999,"2596877713.64017280",3331828,"13072.22136000","1234153095.72926820","0"],[1745625600000,"94638.68000000","95199.00000000","93870.69000000","94628.00000000","9415.06875000",1745711999999,"889627361.84144470",1475983,"4156.22463000","392757114.43835790","0"],[1745712000000,"94628.00000000","95369.00000000","93602.58000000","93749.30000000","11162.84100000",1745798399999,"1052334792.18661890",1918160,"5250.08719000","495112239.10816970","0"],[1745798400000,"93749.29000000","95630.00000000","92800.01000000","95011.18000000","22157.53351000",1745884799999,"2092532996.55517170",3424740,"11626.77592000","1098667305.23999790","0"],[1745884800000,"95011.18000000","95461.53000000","93742.54000000","94256.82000000","16955.34020000",1745971199999,"1607154803.46754770",3020875,"7112.68469000","674688527.81306600","0"],[1745971200000,"94256.82000000","95228.45000000","92910.00000000","94172.00000000","17661.27510000",1746057599999,"1664825670.98312510",3214149,"8393.21620000","791272380.03124470","0"],[1746057600000,"94172.00000000","97424.02000000","94130.43000000","96489.91000000","21380.45343000",1746143999999,"2053857614.27326720",2925716,"10925.87308000","1049157198.85876350","0"],[1746144000000,"96489.90000000","97895.68000000","96350.00000000","97349.81000000","12277.81574000",1746230399999,"1191393559.61833960",2131399,"6243.88690000","605939054.76817750","0"]]
2025-05-02 21:58:12 INFO  r.i.a.a.client.BinanceClient - Binance request: https://api.binance.com/api/v3/klines?symbol=ETHUSDT&interval=1d&startTime=1743552000000&endTime=1746230400000
2025-05-02 21:58:12 INFO  r.i.a.a.client.BinanceClient - Binance response:
[[1743552000000,"1904.98000000","1957.00000000","1781.53000000","1795.22000000","750840.78230000",1743638399999,"1411539014.56212600",3408080,"364479.37670000","685797603.62861100","0"],[1743638400000,"1795.21000000","1845.26000000","1750.00000000","1817.23000000","508075.01800000",1743724799999,"912214691.84003600",2579520,"253462.44640000","455404696.42755200","0"],[1743724800000,"1817.23000000","1835.68000000","1758.72000000","1816.87000000","572734.47020000",1743811199999,"1030518559.14175400",2647730,"277397.81970000","499272616.79746900","0"],[1743811200000,"1816.88000000","1827.29000000","1764.39000000","1806.01000000","201716.26960000",1743897599999,"362822603.99707900",861593,"96425.62450000","173484839.30756800","0"],[1743897600000,"1806.02000000","1817.00000000","1537.50000000","1580.76000000","979847.09580000",1743983999999,"1621420911.80354200",3251935,"453768.93160000","751319408.63196000","0"],[1743984000000,"1580.77000000","1639.00000000","1411.01000000","1553.04000000","2168796.00670000",1744070399999,"3314200223.32717800",5723226,"1076060.06700000","1645270461.50436500","0"],[1744070400000,"1553.04000000","1618.67000000","1441.30000000","1473.41000000","891846.13270000",1744156799999,"1361139288.97793200",3369669,"449628.14170000","686762120.76577600","0"],[1744156800000,"1473.41000000","1689.00000000","1385.05000000","1669.51000000","1968530.91380000",1744243199999,"2995077137.62664700",4723847,"990740.83630000","1508747907.72777100","0"],[1744243200000,"1669.51000000","1669.85000000","1471.02000000","1522.25000000","911855.39340000",1744329599999,"1425649915.89491900",3007121,"454828.25920000","711164539.48715100","0"],[1744329600000,"1522.24000000","1591.47000000","1504.63000000","1566.85000000","578484.31830000",1744415999999,"901210974.60836300",2547292,"305707.17480000","476514872.29880400","0"],[1744416000000,"1566.85000000","1669.59000000","1546.06000000","1644.18000000","501867.90330000",1744502399999,"813176435.31397300",2177800,"266899.40920000","432987094.82390400","0"],[1744502400000,"1644.19000000","1649.75000000","1562.01000000","1597.76000000","580136.61450000",1744588799999,"931598664.29185500",2597350,"281372.53800000","452135764.61108300","0"],[1744588800000,"1597.76000000","1691.50000000","1595.56000000","1623.77000000","645930.14190000",1744675199999,"1062426756.84963600",2975844,"332185.12950000","546536662.98174400","0"],[1744675200000,"1623.78000000","1661.21000000","1583.12000000","1588.78000000","476178.89150000",1744761599999,"774210116.71062500",2283302,"232389.85030000","377978352.55460700","0"],[1744761600000,"1588.77000000","1613.66000000","1538.07000000","1577.14000000","611387.86860000",1744847999999,"965271509.89318300",2645419,"311107.79030000","491272640.36474200","0"],[1744848000000,"1577.15000000","1616.96000000","1563.20000000","1583.62000000","449870.36280000",1744934399999,"716711483.14334500",1871114,"226961.42410000","361610704.82123100","0"],[1744934400000,"1583.63000000","1600.64000000","1573.54000000","1588.60000000","200409.03590000",1745020799999,"317931022.83947300",889028,"99073.53740000","157166748.96690200","0"],[1745020800000,"1588.60000000","1631.81000000","1585.01000000","1613.27000000","223096.38990000",1745107199999,"358254845.71229400",1762563,"119856.30270000","192451022.06704700","0"],[1745107200000,"1613.26000000","1619.19000000","1565.59000000","1587.36000000","276052.23060000",1745193599999,"438377495.97515200",1913811,"138393.39470000","219774032.48275600","0"],[1745193600000,"1587.36000000","1658.75000000","1564.07000000","1579.57000000","691486.66670000",1745279999999,"1117358203.86859500",4257816,"349723.77790000","565324291.15929200","0"],[1745280000000,"1579.57000000","1778.00000000","1537.26000000","1756.26000000","1103036.95860000",1745366399999,"1833852783.08012900",3841594,"570956.59690000","949980453.53835200","0"],[1745366400000,"1756.25000000","1834.86000000","1744.95000000","1795.07000000","887545.63160000",1745452799999,"1590311895.51547700",3346263,"465865.23670000","834633411.49964400","0"],[1745452800000,"1795.08000000","1802.82000000","1722.90000000","1769.65000000","483465.03850000",1745539199999,"851507192.04646000",2225460,"228156.98120000","401904077.51987700","0"],[1745539200000,"1769.64000000","1827.32000000","1738.60000000","1784.60000000","595610.88940000",1745625599999,"1063192910.33905300",2516748,"310119.56980000","553732398.65082100","0"],[1745625600000,"1784.60000000","1841.16000000","1778.94000000","1820.88000000","355068.04420000",1745711999999,"640645562.86521600",1907298,"184308.07960000","332672166.45517400","0"],[1745712000000,"1820.87000000","1857.47000000","1781.90000000","1791.29000000","340332.64350000",1745798399999,"616122293.30825400",2405764,"164744.71280000","298455924.45359300","0"],[1745798400000,"1791.29000000","1827.98000000","1744.71000000","1799.88000000","587269.74300000",1745884799999,"1049690759.15237400",2980656,"282424.40210000","504906960.40592800","0"],[1745884800000,"1799.88000000","1842.99000000","1780.47000000","1797.81000000","480456.38840000",1745971199999,"871685371.74914200",2590967,"247137.12130000","448518545.93327100","0"],[1745971200000,"1797.81000000","1816.80000000","1731.70000000","1793.61000000","473523.98770000",1746057599999,"843558998.32633200",2468998,"224863.77570000","400751136.05107900","0"],[1746057600000,"1793.62000000","1873.17000000","1792.52000000","1838.11000000","537198.72910000",1746143999999,"988206595.82489200",2398765,"284534.13820000","523485516.25783300","0"],[1746144000000,"1838.10000000","1871.00000000","1813.00000000","1851.02000000","340038.69870000",1746230399999,"625104445.11658300",1623936,"178155.20700000","327628044.16593200","0"]]
2025-05-02 22:45:56 INFO  o.s.b.d.a.LocalDevToolsAutoConfiguration$RestartingClassPathChangeChangedEventListener - Restarting due to 1 class path change (0 additions, 1 deletion, 0 modifications)
2025-05-02 22:45:56 INFO  o.s.b.w.e.tomcat.GracefulShutdown - Commencing graceful shutdown. Waiting for active requests to complete
2025-05-02 22:45:56 INFO  o.s.b.w.e.tomcat.GracefulShutdown - Graceful shutdown complete
2025-05-02 22:45:56 INFO  o.s.o.j.LocalContainerEntityManagerFactoryBean - Closing JPA EntityManagerFactory for persistence unit 'default'
2025-05-02 22:45:56 INFO  com.zaxxer.hikari.HikariDataSource - HikariPool-1 - Shutdown initiated...
2025-05-02 22:45:56 INFO  com.zaxxer.hikari.HikariDataSource - HikariPool-1 - Shutdown completed.
2025-05-02 22:45:56 INFO  r.i.attestations.attestation03.App - Starting App using Java 23.0.2 with PID 23796 (C:\JavaLearn\CryptoProject\crypto-strategy-analyzer\target\classes started by khade in C:\JavaLearn\CryptoProject\crypto-strategy-analyzer)
2025-05-02 22:45:56 DEBUG r.i.attestations.attestation03.App - Running with Spring Boot v3.4.5, Spring v6.2.6
2025-05-02 22:45:56 INFO  r.i.attestations.attestation03.App - No active profile set, falling back to 1 default profile: "default"
2025-05-02 22:45:56 INFO  o.s.d.r.c.RepositoryConfigurationDelegate - Bootstrapping Spring Data JPA repositories in DEFAULT mode.
2025-05-02 22:45:56 INFO  o.s.d.r.c.RepositoryConfigurationDelegate - Finished Spring Data repository scanning in 17 ms. Found 1 JPA repository interface.
2025-05-02 22:45:56 INFO  o.s.b.w.e.tomcat.TomcatWebServer - Tomcat initialized with port 8080 (http)
2025-05-02 22:45:56 INFO  o.a.catalina.core.StandardService - Starting service [Tomcat]
2025-05-02 22:45:56 INFO  o.a.catalina.core.StandardEngine - Starting Servlet engine: [Apache Tomcat/10.1.40]
2025-05-02 22:45:56 INFO  o.a.c.c.C.[Tomcat].[localhost].[/] - Initializing Spring embedded WebApplicationContext
2025-05-02 22:45:56 INFO  o.s.b.w.s.c.ServletWebServerApplicationContext - Root WebApplicationContext: initialization completed in 400 ms
2025-05-02 22:45:56 INFO  o.h.jpa.internal.util.LogHelper - HHH000204: Processing PersistenceUnitInfo [name: default]
2025-05-02 22:45:56 INFO  o.h.c.i.RegionFactoryInitiator - HHH000026: Second-level cache disabled
2025-05-02 22:45:56 INFO  o.s.o.j.p.SpringPersistenceUnitInfo - No LoadTimeWeaver setup: ignoring JPA class transformer
2025-05-02 22:45:56 INFO  com.zaxxer.hikari.HikariDataSource - HikariPool-2 - Starting...
2025-05-02 22:45:56 INFO  com.zaxxer.hikari.pool.HikariPool - HikariPool-2 - Added connection org.postgresql.jdbc.PgConnection@1e587e70
2025-05-02 22:45:56 INFO  com.zaxxer.hikari.HikariDataSource - HikariPool-2 - Start completed.
2025-05-02 22:45:56 WARN  org.hibernate.orm.deprecation - HHH90000025: PostgreSQLDialect does not need to be specified explicitly using 'hibernate.dialect' (remove the property setting and it will be selected by default)
2025-05-02 22:45:56 INFO  o.hibernate.orm.connections.pooling - HHH10001005: Database info:
	Database JDBC URL [Connecting through datasource 'HikariDataSource (HikariPool-2)']
	Database driver: undefined/unknown
	Database version: 17.4
	Autocommit mode: undefined/unknown
	Isolation level: undefined/unknown
	Minimum pool size: undefined/unknown
	Maximum pool size: undefined/unknown
2025-05-02 22:45:57 INFO  o.h.e.t.j.p.i.JtaPlatformInitiator - HHH000489: No JTA platform available (set 'hibernate.transaction.jta.platform' to enable JTA platform integration)
2025-05-02 22:45:57 INFO  o.s.o.j.LocalContainerEntityManagerFactoryBean - Initialized JPA EntityManagerFactory for persistence unit 'default'
2025-05-02 22:45:57 WARN  o.s.b.a.o.j.JpaBaseConfiguration$JpaWebConfiguration - spring.jpa.open-in-view is enabled by default. Therefore, database queries may be performed during view rendering. Explicitly configure spring.jpa.open-in-view to disable this warning
2025-05-02 22:45:57 INFO  o.s.b.d.a.OptionalLiveReloadServer - LiveReload server is running on port 35729
2025-05-02 22:45:57 INFO  o.s.b.w.e.tomcat.TomcatWebServer - Tomcat started on port 8080 (http) with context path '/'
2025-05-02 22:45:57 INFO  r.i.attestations.attestation03.App - Started App in 0.942 seconds (process running for 2893.105)
2025-05-02 22:45:57 INFO  o.s.b.d.a.ConditionEvaluationDeltaLoggingListener - Condition evaluation unchanged
2025-05-02 22:45:58 INFO  o.s.b.d.a.LocalDevToolsAutoConfiguration$RestartingClassPathChangeChangedEventListener - Restarting due to 1 class path change (1 addition, 0 deletions, 0 modifications)
2025-05-02 22:45:58 INFO  o.s.b.w.e.tomcat.GracefulShutdown - Commencing graceful shutdown. Waiting for active requests to complete
2025-05-02 22:45:58 INFO  o.s.b.w.e.tomcat.GracefulShutdown - Graceful shutdown complete
2025-05-02 22:45:58 INFO  o.s.o.j.LocalContainerEntityManagerFactoryBean - Closing JPA EntityManagerFactory for persistence unit 'default'
2025-05-02 22:45:58 INFO  com.zaxxer.hikari.HikariDataSource - HikariPool-2 - Shutdown initiated...
2025-05-02 22:45:58 INFO  com.zaxxer.hikari.HikariDataSource - HikariPool-2 - Shutdown completed.
2025-05-02 22:45:59 INFO  r.i.attestations.attestation03.App - Starting App using Java 23.0.2 with PID 23796 (C:\JavaLearn\CryptoProject\crypto-strategy-analyzer\target\classes started by khade in C:\JavaLearn\CryptoProject\crypto-strategy-analyzer)
2025-05-02 22:45:59 DEBUG r.i.attestations.attestation03.App - Running with Spring Boot v3.4.5, Spring v6.2.6
2025-05-02 22:45:59 INFO  r.i.attestations.attestation03.App - No active profile set, falling back to 1 default profile: "default"
2025-05-02 22:45:59 INFO  o.s.d.r.c.RepositoryConfigurationDelegate - Bootstrapping Spring Data JPA repositories in DEFAULT mode.
2025-05-02 22:45:59 INFO  o.s.d.r.c.RepositoryConfigurationDelegate - Finished Spring Data repository scanning in 10 ms. Found 1 JPA repository interface.
2025-05-02 22:45:59 INFO  o.s.b.w.e.tomcat.TomcatWebServer - Tomcat initialized with port 8080 (http)
2025-05-02 22:45:59 INFO  o.a.catalina.core.StandardService - Starting service [Tomcat]
2025-05-02 22:45:59 INFO  o.a.catalina.core.StandardEngine - Starting Servlet engine: [Apache Tomcat/10.1.40]
2025-05-02 22:45:59 INFO  o.a.c.c.C.[Tomcat].[localhost].[/] - Initializing Spring embedded WebApplicationContext
2025-05-02 22:45:59 INFO  o.s.b.w.s.c.ServletWebServerApplicationContext - Root WebApplicationContext: initialization completed in 302 ms
2025-05-02 22:45:59 INFO  o.h.jpa.internal.util.LogHelper - HHH000204: Processing PersistenceUnitInfo [name: default]
2025-05-02 22:45:59 INFO  o.h.c.i.RegionFactoryInitiator - HHH000026: Second-level cache disabled
2025-05-02 22:45:59 INFO  o.s.o.j.p.SpringPersistenceUnitInfo - No LoadTimeWeaver setup: ignoring JPA class transformer
2025-05-02 22:45:59 INFO  com.zaxxer.hikari.HikariDataSource - HikariPool-3 - Starting...
2025-05-02 22:45:59 INFO  com.zaxxer.hikari.pool.HikariPool - HikariPool-3 - Added connection org.postgresql.jdbc.PgConnection@9913118
2025-05-02 22:45:59 INFO  com.zaxxer.hikari.HikariDataSource - HikariPool-3 - Start completed.
2025-05-02 22:45:59 WARN  org.hibernate.orm.deprecation - HHH90000025: PostgreSQLDialect does not need to be specified explicitly using 'hibernate.dialect' (remove the property setting and it will be selected by default)
2025-05-02 22:45:59 INFO  o.hibernate.orm.connections.pooling - HHH10001005: Database info:
	Database JDBC URL [Connecting through datasource 'HikariDataSource (HikariPool-3)']
	Database driver: undefined/unknown
	Database version: 17.4
	Autocommit mode: undefined/unknown
	Isolation level: undefined/unknown
	Minimum pool size: undefined/unknown
	Maximum pool size: undefined/unknown
2025-05-02 22:45:59 INFO  o.h.e.t.j.p.i.JtaPlatformInitiator - HHH000489: No JTA platform available (set 'hibernate.transaction.jta.platform' to enable JTA platform integration)
2025-05-02 22:45:59 INFO  o.s.o.j.LocalContainerEntityManagerFactoryBean - Initialized JPA EntityManagerFactory for persistence unit 'default'
2025-05-02 22:45:59 WARN  o.s.b.a.o.j.JpaBaseConfiguration$JpaWebConfiguration - spring.jpa.open-in-view is enabled by default. Therefore, database queries may be performed during view rendering. Explicitly configure spring.jpa.open-in-view to disable this warning
2025-05-02 22:45:59 INFO  o.s.b.d.a.OptionalLiveReloadServer - LiveReload server is running on port 35729
2025-05-02 22:45:59 INFO  o.s.b.w.e.tomcat.TomcatWebServer - Tomcat started on port 8080 (http) with context path '/'
2025-05-02 22:45:59 INFO  r.i.attestations.attestation03.App - Started App in 0.798 seconds (process running for 2895.666)
2025-05-02 22:45:59 INFO  o.s.b.d.a.ConditionEvaluationDeltaLoggingListener - Condition evaluation unchanged
2025-05-02 22:53:19 INFO  o.s.b.d.a.LocalDevToolsAutoConfiguration$RestartingClassPathChangeChangedEventListener - Restarting due to 1 class path change (1 addition, 0 deletions, 0 modifications)
2025-05-02 22:53:19 INFO  o.s.b.w.e.tomcat.GracefulShutdown - Commencing graceful shutdown. Waiting for active requests to complete
2025-05-02 22:53:19 INFO  o.s.b.w.e.tomcat.GracefulShutdown - Graceful shutdown complete
2025-05-02 22:53:19 INFO  o.s.o.j.LocalContainerEntityManagerFactoryBean - Closing JPA EntityManagerFactory for persistence unit 'default'
2025-05-02 22:53:19 INFO  com.zaxxer.hikari.HikariDataSource - HikariPool-3 - Shutdown initiated...
2025-05-02 22:53:19 INFO  com.zaxxer.hikari.HikariDataSource - HikariPool-3 - Shutdown completed.
2025-05-02 22:53:19 INFO  r.i.attestations.attestation03.App - Starting App using Java 23.0.2 with PID 23796 (C:\JavaLearn\CryptoProject\crypto-strategy-analyzer\target\classes started by khade in C:\JavaLearn\CryptoProject\crypto-strategy-analyzer)
2025-05-02 22:53:19 DEBUG r.i.attestations.attestation03.App - Running with Spring Boot v3.4.5, Spring v6.2.6
2025-05-02 22:53:19 INFO  r.i.attestations.attestation03.App - No active profile set, falling back to 1 default profile: "default"
2025-05-02 22:53:20 INFO  o.s.d.r.c.RepositoryConfigurationDelegate - Bootstrapping Spring Data JPA repositories in DEFAULT mode.
2025-05-02 22:53:20 INFO  o.s.d.r.c.RepositoryConfigurationDelegate - Finished Spring Data repository scanning in 10 ms. Found 1 JPA repository interface.
2025-05-02 22:53:20 INFO  o.s.b.w.e.tomcat.TomcatWebServer - Tomcat initialized with port 8080 (http)
2025-05-02 22:53:20 INFO  o.a.catalina.core.StandardService - Starting service [Tomcat]
2025-05-02 22:53:20 INFO  o.a.catalina.core.StandardEngine - Starting Servlet engine: [Apache Tomcat/10.1.40]
2025-05-02 22:53:20 INFO  o.a.c.c.C.[Tomcat].[localhost].[/] - Initializing Spring embedded WebApplicationContext
2025-05-02 22:53:20 INFO  o.s.b.w.s.c.ServletWebServerApplicationContext - Root WebApplicationContext: initialization completed in 311 ms
2025-05-02 22:53:20 INFO  o.h.jpa.internal.util.LogHelper - HHH000204: Processing PersistenceUnitInfo [name: default]
2025-05-02 22:53:20 INFO  o.h.c.i.RegionFactoryInitiator - HHH000026: Second-level cache disabled
2025-05-02 22:53:20 INFO  o.s.o.j.p.SpringPersistenceUnitInfo - No LoadTimeWeaver setup: ignoring JPA class transformer
2025-05-02 22:53:20 INFO  com.zaxxer.hikari.HikariDataSource - HikariPool-4 - Starting...
2025-05-02 22:53:20 INFO  com.zaxxer.hikari.pool.HikariPool - HikariPool-4 - Added connection org.postgresql.jdbc.PgConnection@58c77228
2025-05-02 22:53:20 INFO  com.zaxxer.hikari.HikariDataSource - HikariPool-4 - Start completed.
2025-05-02 22:53:20 WARN  org.hibernate.orm.deprecation - HHH90000025: PostgreSQLDialect does not need to be specified explicitly using 'hibernate.dialect' (remove the property setting and it will be selected by default)
2025-05-02 22:53:20 INFO  o.hibernate.orm.connections.pooling - HHH10001005: Database info:
	Database JDBC URL [Connecting through datasource 'HikariDataSource (HikariPool-4)']
	Database driver: undefined/unknown
	Database version: 17.4
	Autocommit mode: undefined/unknown
	Isolation level: undefined/unknown
	Minimum pool size: undefined/unknown
	Maximum pool size: undefined/unknown
2025-05-02 22:53:20 INFO  o.h.e.t.j.p.i.JtaPlatformInitiator - HHH000489: No JTA platform available (set 'hibernate.transaction.jta.platform' to enable JTA platform integration)
2025-05-02 22:53:20 INFO  o.s.o.j.LocalContainerEntityManagerFactoryBean - Initialized JPA EntityManagerFactory for persistence unit 'default'
2025-05-02 22:53:20 WARN  o.s.b.a.o.j.JpaBaseConfiguration$JpaWebConfiguration - spring.jpa.open-in-view is enabled by default. Therefore, database queries may be performed during view rendering. Explicitly configure spring.jpa.open-in-view to disable this warning
2025-05-02 22:53:20 INFO  o.s.b.d.a.OptionalLiveReloadServer - LiveReload server is running on port 35729
2025-05-02 22:53:20 INFO  o.s.b.w.e.tomcat.TomcatWebServer - Tomcat started on port 8080 (http) with context path '/'
2025-05-02 22:53:20 INFO  r.i.attestations.attestation03.App - Started App in 0.769 seconds (process running for 3336.46)
2025-05-02 22:53:20 INFO  o.s.b.d.a.ConditionEvaluationDeltaLoggingListener - Condition evaluation unchanged
2025-05-02 22:56:34 INFO  o.s.b.d.a.LocalDevToolsAutoConfiguration$RestartingClassPathChangeChangedEventListener - Restarting due to 2 class path changes (1 addition, 0 deletions, 1 modification)
2025-05-02 22:56:34 INFO  o.s.b.w.e.tomcat.GracefulShutdown - Commencing graceful shutdown. Waiting for active requests to complete
2025-05-02 22:56:34 INFO  o.s.b.w.e.tomcat.GracefulShutdown - Graceful shutdown complete
2025-05-02 22:56:34 INFO  o.s.o.j.LocalContainerEntityManagerFactoryBean - Closing JPA EntityManagerFactory for persistence unit 'default'
2025-05-02 22:56:34 INFO  com.zaxxer.hikari.HikariDataSource - HikariPool-4 - Shutdown initiated...
2025-05-02 22:56:34 INFO  com.zaxxer.hikari.HikariDataSource - HikariPool-4 - Shutdown completed.
2025-05-02 22:56:35 INFO  r.i.attestations.attestation03.App - Starting App using Java 23.0.2 with PID 23796 (C:\JavaLearn\CryptoProject\crypto-strategy-analyzer\target\classes started by khade in C:\JavaLearn\CryptoProject\crypto-strategy-analyzer)
2025-05-02 22:56:35 DEBUG r.i.attestations.attestation03.App - Running with Spring Boot v3.4.5, Spring v6.2.6
2025-05-02 22:56:35 INFO  r.i.attestations.attestation03.App - No active profile set, falling back to 1 default profile: "default"
2025-05-02 22:56:35 INFO  o.s.d.r.c.RepositoryConfigurationDelegate - Bootstrapping Spring Data JPA repositories in DEFAULT mode.
2025-05-02 22:56:35 INFO  o.s.d.r.c.RepositoryConfigurationDelegate - Finished Spring Data repository scanning in 9 ms. Found 1 JPA repository interface.
2025-05-02 22:56:35 INFO  o.s.b.w.e.tomcat.TomcatWebServer - Tomcat initialized with port 8080 (http)
2025-05-02 22:56:35 INFO  o.a.catalina.core.StandardService - Starting service [Tomcat]
2025-05-02 22:56:35 INFO  o.a.catalina.core.StandardEngine - Starting Servlet engine: [Apache Tomcat/10.1.40]
2025-05-02 22:56:35 INFO  o.a.c.c.C.[Tomcat].[localhost].[/] - Initializing Spring embedded WebApplicationContext
2025-05-02 22:56:35 INFO  o.s.b.w.s.c.ServletWebServerApplicationContext - Root WebApplicationContext: initialization completed in 278 ms
2025-05-02 22:56:35 INFO  o.h.jpa.internal.util.LogHelper - HHH000204: Processing PersistenceUnitInfo [name: default]
2025-05-02 22:56:35 INFO  o.h.c.i.RegionFactoryInitiator - HHH000026: Second-level cache disabled
2025-05-02 22:56:35 INFO  o.s.o.j.p.SpringPersistenceUnitInfo - No LoadTimeWeaver setup: ignoring JPA class transformer
2025-05-02 22:56:35 INFO  com.zaxxer.hikari.HikariDataSource - HikariPool-5 - Starting...
2025-05-02 22:56:35 INFO  com.zaxxer.hikari.pool.HikariPool - HikariPool-5 - Added connection org.postgresql.jdbc.PgConnection@573ca094
2025-05-02 22:56:35 INFO  com.zaxxer.hikari.HikariDataSource - HikariPool-5 - Start completed.
2025-05-02 22:56:35 WARN  org.hibernate.orm.deprecation - HHH90000025: PostgreSQLDialect does not need to be specified explicitly using 'hibernate.dialect' (remove the property setting and it will be selected by default)
2025-05-02 22:56:35 INFO  o.hibernate.orm.connections.pooling - HHH10001005: Database info:
	Database JDBC URL [Connecting through datasource 'HikariDataSource (HikariPool-5)']
	Database driver: undefined/unknown
	Database version: 17.4
	Autocommit mode: undefined/unknown
	Isolation level: undefined/unknown
	Minimum pool size: undefined/unknown
	Maximum pool size: undefined/unknown
2025-05-02 22:56:35 INFO  o.h.e.t.j.p.i.JtaPlatformInitiator - HHH000489: No JTA platform available (set 'hibernate.transaction.jta.platform' to enable JTA platform integration)
2025-05-02 22:56:35 INFO  o.s.o.j.LocalContainerEntityManagerFactoryBean - Initialized JPA EntityManagerFactory for persistence unit 'default'
2025-05-02 22:56:35 WARN  o.s.b.a.o.j.JpaBaseConfiguration$JpaWebConfiguration - spring.jpa.open-in-view is enabled by default. Therefore, database queries may be performed during view rendering. Explicitly configure spring.jpa.open-in-view to disable this warning
2025-05-02 22:56:35 INFO  o.s.b.d.a.OptionalLiveReloadServer - LiveReload server is running on port 35729
2025-05-02 22:56:35 INFO  o.s.b.w.e.tomcat.TomcatWebServer - Tomcat started on port 8080 (http) with context path '/'
2025-05-02 22:56:35 INFO  r.i.attestations.attestation03.App - Started App in 0.673 seconds (process running for 3531.46)
2025-05-02 22:56:35 INFO  o.s.b.d.a.ConditionEvaluationDeltaLoggingListener - Condition evaluation unchanged
2025-05-02 22:57:20 INFO  o.s.b.d.a.LocalDevToolsAutoConfiguration$RestartingClassPathChangeChangedEventListener - Restarting due to 1 class path change (0 additions, 1 deletion, 0 modifications)
2025-05-02 22:57:20 INFO  o.s.b.w.e.tomcat.GracefulShutdown - Commencing graceful shutdown. Waiting for active requests to complete
2025-05-02 22:57:20 INFO  o.s.b.w.e.tomcat.GracefulShutdown - Graceful shutdown complete
2025-05-02 22:57:20 INFO  o.s.o.j.LocalContainerEntityManagerFactoryBean - Closing JPA EntityManagerFactory for persistence unit 'default'
2025-05-02 22:57:20 INFO  com.zaxxer.hikari.HikariDataSource - HikariPool-5 - Shutdown initiated...
2025-05-02 22:57:20 INFO  com.zaxxer.hikari.HikariDataSource - HikariPool-5 - Shutdown completed.
2025-05-02 22:57:20 INFO  r.i.attestations.attestation03.App - Starting App using Java 23.0.2 with PID 23796 (C:\JavaLearn\CryptoProject\crypto-strategy-analyzer\target\classes started by khade in C:\JavaLearn\CryptoProject\crypto-strategy-analyzer)
2025-05-02 22:57:20 DEBUG r.i.attestations.attestation03.App - Running with Spring Boot v3.4.5, Spring v6.2.6
2025-05-02 22:57:20 INFO  r.i.attestations.attestation03.App - No active profile set, falling back to 1 default profile: "default"
2025-05-02 22:57:20 INFO  o.s.d.r.c.RepositoryConfigurationDelegate - Bootstrapping Spring Data JPA repositories in DEFAULT mode.
2025-05-02 22:57:21 INFO  o.s.d.r.c.RepositoryConfigurationDelegate - Finished Spring Data repository scanning in 10 ms. Found 1 JPA repository interface.
2025-05-02 22:57:21 INFO  o.s.b.w.e.tomcat.TomcatWebServer - Tomcat initialized with port 8080 (http)
2025-05-02 22:57:21 INFO  o.a.catalina.core.StandardService - Starting service [Tomcat]
2025-05-02 22:57:21 INFO  o.a.catalina.core.StandardEngine - Starting Servlet engine: [Apache Tomcat/10.1.40]
2025-05-02 22:57:21 INFO  o.a.c.c.C.[Tomcat].[localhost].[/] - Initializing Spring embedded WebApplicationContext
2025-05-02 22:57:21 INFO  o.s.b.w.s.c.ServletWebServerApplicationContext - Root WebApplicationContext: initialization completed in 334 ms
2025-05-02 22:57:21 INFO  o.h.jpa.internal.util.LogHelper - HHH000204: Processing PersistenceUnitInfo [name: default]
2025-05-02 22:57:21 INFO  o.h.c.i.RegionFactoryInitiator - HHH000026: Second-level cache disabled
2025-05-02 22:57:21 INFO  o.s.o.j.p.SpringPersistenceUnitInfo - No LoadTimeWeaver setup: ignoring JPA class transformer
2025-05-02 22:57:21 INFO  com.zaxxer.hikari.HikariDataSource - HikariPool-6 - Starting...
2025-05-02 22:57:21 INFO  com.zaxxer.hikari.pool.HikariPool - HikariPool-6 - Added connection org.postgresql.jdbc.PgConnection@36cfdf31
2025-05-02 22:57:21 INFO  com.zaxxer.hikari.HikariDataSource - HikariPool-6 - Start completed.
2025-05-02 22:57:21 WARN  org.hibernate.orm.deprecation - HHH90000025: PostgreSQLDialect does not need to be specified explicitly using 'hibernate.dialect' (remove the property setting and it will be selected by default)
2025-05-02 22:57:21 INFO  o.hibernate.orm.connections.pooling - HHH10001005: Database info:
	Database JDBC URL [Connecting through datasource 'HikariDataSource (HikariPool-6)']
	Database driver: undefined/unknown
	Database version: 17.4
	Autocommit mode: undefined/unknown
	Isolation level: undefined/unknown
	Minimum pool size: undefined/unknown
	Maximum pool size: undefined/unknown
2025-05-02 22:57:21 INFO  o.h.e.t.j.p.i.JtaPlatformInitiator - HHH000489: No JTA platform available (set 'hibernate.transaction.jta.platform' to enable JTA platform integration)
2025-05-02 22:57:21 INFO  o.s.o.j.LocalContainerEntityManagerFactoryBean - Initialized JPA EntityManagerFactory for persistence unit 'default'
2025-05-02 22:57:21 WARN  o.s.b.a.o.j.JpaBaseConfiguration$JpaWebConfiguration - spring.jpa.open-in-view is enabled by default. Therefore, database queries may be performed during view rendering. Explicitly configure spring.jpa.open-in-view to disable this warning
2025-05-02 22:57:21 INFO  o.s.b.d.a.OptionalLiveReloadServer - LiveReload server is running on port 35729
2025-05-02 22:57:21 INFO  o.s.b.w.e.tomcat.TomcatWebServer - Tomcat started on port 8080 (http) with context path '/'
2025-05-02 22:57:21 INFO  r.i.attestations.attestation03.App - Started App in 0.789 seconds (process running for 3577.373)
2025-05-02 22:57:21 INFO  o.s.b.d.a.ConditionEvaluationDeltaLoggingListener - Condition evaluation unchanged
2025-05-02 22:58:20 INFO  o.s.b.d.a.LocalDevToolsAutoConfiguration$RestartingClassPathChangeChangedEventListener - Restarting due to 2 class path changes (2 additions, 0 deletions, 0 modifications)
2025-05-02 22:58:20 INFO  o.s.b.w.e.tomcat.GracefulShutdown - Commencing graceful shutdown. Waiting for active requests to complete
2025-05-02 22:58:20 INFO  o.s.b.w.e.tomcat.GracefulShutdown - Graceful shutdown complete
2025-05-02 22:58:20 INFO  o.s.o.j.LocalContainerEntityManagerFactoryBean - Closing JPA EntityManagerFactory for persistence unit 'default'
2025-05-02 22:58:20 INFO  com.zaxxer.hikari.HikariDataSource - HikariPool-6 - Shutdown initiated...
2025-05-02 22:58:20 INFO  com.zaxxer.hikari.HikariDataSource - HikariPool-6 - Shutdown completed.
2025-05-02 22:58:20 INFO  r.i.attestations.attestation03.App - Starting App using Java 23.0.2 with PID 23796 (C:\JavaLearn\CryptoProject\crypto-strategy-analyzer\target\classes started by khade in C:\JavaLearn\CryptoProject\crypto-strategy-analyzer)
2025-05-02 22:58:20 DEBUG r.i.attestations.attestation03.App - Running with Spring Boot v3.4.5, Spring v6.2.6
2025-05-02 22:58:20 INFO  r.i.attestations.attestation03.App - No active profile set, falling back to 1 default profile: "default"
2025-05-02 22:58:20 INFO  o.s.d.r.c.RepositoryConfigurationDelegate - Bootstrapping Spring Data JPA repositories in DEFAULT mode.
2025-05-02 22:58:20 INFO  o.s.d.r.c.RepositoryConfigurationDelegate - Finished Spring Data repository scanning in 9 ms. Found 1 JPA repository interface.
2025-05-02 22:58:20 INFO  o.s.b.w.e.tomcat.TomcatWebServer - Tomcat initialized with port 8080 (http)
2025-05-02 22:58:20 INFO  o.a.catalina.core.StandardService - Starting service [Tomcat]
2025-05-02 22:58:20 INFO  o.a.catalina.core.StandardEngine - Starting Servlet engine: [Apache Tomcat/10.1.40]
2025-05-02 22:58:20 INFO  o.a.c.c.C.[Tomcat].[localhost].[/] - Initializing Spring embedded WebApplicationContext
2025-05-02 22:58:20 INFO  o.s.b.w.s.c.ServletWebServerApplicationContext - Root WebApplicationContext: initialization completed in 271 ms
2025-05-02 22:58:20 INFO  o.h.jpa.internal.util.LogHelper - HHH000204: Processing PersistenceUnitInfo [name: default]
2025-05-02 22:58:20 INFO  o.h.c.i.RegionFactoryInitiator - HHH000026: Second-level cache disabled
2025-05-02 22:58:20 INFO  o.s.o.j.p.SpringPersistenceUnitInfo - No LoadTimeWeaver setup: ignoring JPA class transformer
2025-05-02 22:58:20 INFO  com.zaxxer.hikari.HikariDataSource - HikariPool-7 - Starting...
2025-05-02 22:58:20 INFO  com.zaxxer.hikari.pool.HikariPool - HikariPool-7 - Added connection org.postgresql.jdbc.PgConnection@35703af6
2025-05-02 22:58:20 INFO  com.zaxxer.hikari.HikariDataSource - HikariPool-7 - Start completed.
2025-05-02 22:58:20 WARN  org.hibernate.orm.deprecation - HHH90000025: PostgreSQLDialect does not need to be specified explicitly using 'hibernate.dialect' (remove the property setting and it will be selected by default)
2025-05-02 22:58:20 INFO  o.hibernate.orm.connections.pooling - HHH10001005: Database info:
	Database JDBC URL [Connecting through datasource 'HikariDataSource (HikariPool-7)']
	Database driver: undefined/unknown
	Database version: 17.4
	Autocommit mode: undefined/unknown
	Isolation level: undefined/unknown
	Minimum pool size: undefined/unknown
	Maximum pool size: undefined/unknown
2025-05-02 22:58:20 INFO  o.h.e.t.j.p.i.JtaPlatformInitiator - HHH000489: No JTA platform available (set 'hibernate.transaction.jta.platform' to enable JTA platform integration)
2025-05-02 22:58:20 INFO  o.s.o.j.LocalContainerEntityManagerFactoryBean - Initialized JPA EntityManagerFactory for persistence unit 'default'
2025-05-02 22:58:20 WARN  o.s.b.a.o.j.JpaBaseConfiguration$JpaWebConfiguration - spring.jpa.open-in-view is enabled by default. Therefore, database queries may be performed during view rendering. Explicitly configure spring.jpa.open-in-view to disable this warning
2025-05-02 22:58:21 INFO  o.s.b.d.a.OptionalLiveReloadServer - LiveReload server is running on port 35729
2025-05-02 22:58:21 INFO  o.s.b.w.e.tomcat.TomcatWebServer - Tomcat started on port 8080 (http) with context path '/'
2025-05-02 22:58:21 INFO  r.i.attestations.attestation03.App - Started App in 0.625 seconds (process running for 3636.86)
2025-05-02 22:58:21 INFO  o.s.b.d.a.ConditionEvaluationDeltaLoggingListener - Condition evaluation unchanged
2025-05-02 22:58:22 INFO  o.s.b.w.e.tomcat.GracefulShutdown - Commencing graceful shutdown. Waiting for active requests to complete
2025-05-02 22:58:22 INFO  o.s.b.w.e.tomcat.GracefulShutdown - Graceful shutdown complete
2025-05-02 22:58:22 INFO  o.s.o.j.LocalContainerEntityManagerFactoryBean - Closing JPA EntityManagerFactory for persistence unit 'default'
2025-05-02 22:58:22 INFO  com.zaxxer.hikari.HikariDataSource - HikariPool-7 - Shutdown initiated...
2025-05-02 22:58:22 INFO  com.zaxxer.hikari.HikariDataSource - HikariPool-7 - Shutdown completed.
